<?xml version="1.0" encoding="UTF-8"?>
<!-- Generated by org.testng.reporters.JUnitReportReporter -->
<testsuite hostname="DESKTOP-PAFNB8L" failures="0" tests="2" name="pwj.qa.ecomm.tests.SearchPageTest" time="10.273" errors="0" timestamp="2024-02-06T22:03:26 IST" skipped="0">
  <testcase classname="pwj.qa.ecomm.tests.SearchPageTest" name="verify_searchedProduct01" time="0.726"/>
  <system-out/>
  <testcase classname="pwj.qa.ecomm.tests.SearchPageTest" name="verify_searchedProduct" time="9.547"/>
  <system-out/>
</testsuite> <!-- pwj.qa.ecomm.tests.SearchPageTest -->
