<?xml version="1.0" encoding="UTF-8"?>
<!-- Generated by org.testng.reporters.JUnitReportReporter -->
<testsuite hostname="DESKTOP-PAFNB8L" failures="0" tests="1" name="pwj.qa.ecomm.tests.MyAccountPageTest" time="13.024" errors="0" timestamp="2024-02-06T22:03:26 IST" skipped="0">
  <testcase classname="pwj.qa.ecomm.tests.MyAccountPageTest" name="verify_loginisSuccessfully" time="13.024"/>
  <system-out/>
</testsuite> <!-- pwj.qa.ecomm.tests.MyAccountPageTest -->
