<?xml version="1.0" encoding="UTF-8"?>
<!-- Generated by org.testng.reporters.JUnitReportReporter -->
<testsuite hostname="DESKTOP-PAFNB8L" failures="0" tests="3" name="pwj.qa.ecomm.tests.LandingPageTest" time="0.406" errors="0" timestamp="2024-02-06T22:03:26 IST" skipped="0">
  <testcase classname="pwj.qa.ecomm.tests.LandingPageTest" name="verify_landingpageTitle" time="0.232"/>
  <system-out/>
  <testcase classname="pwj.qa.ecomm.tests.LandingPageTest" name="verify_productName" time="0.156"/>
  <system-out/>
  <testcase classname="pwj.qa.ecomm.tests.LandingPageTest" name="verify_url" time="0.018"/>
  <system-out/>
</testsuite> <!-- pwj.qa.ecomm.tests.LandingPageTest -->
